<?xml version="1.0" encoding="UTF-8"?>
<!-- Generated by org.testng.reporters.JUnitXMLReporter -->
<testsuite ignored="2" hostname="DESKTOP-GPJOP6O" failures="1" tests="2" name="Test" time="10.06" errors="0" timestamp="2023-01-27T08:56:11 IST">
  <testcase classname="customertest.logintest" name="LoginTest" time="0.563"/>
  <testcase classname="customertest.customerbuttontest" name="Customerbutton" time="9.419">
    <failure type="java.lang.NullPointerException" message="Cannot invoke &amp;quot;org.openqa.selenium.WebElement.getLocation()&amp;quot; because &amp;quot;customerpage.custompage.addcustomer&amp;quot; is null">
      <![CDATA[java.lang.NullPointerException: Cannot invoke "org.openqa.selenium.WebElement.getLocation()" because "customerpage.custompage.addcustomer" is null
at customertest.customerbuttontest.Customerbutton(customerbuttontest.java:30)
at java.base/java.util.ArrayList.forEach(ArrayList.java:1511)
... Removed 27 stack frames]]>
    </failure>
  </testcase> <!-- Customerbutton -->
  <testcase classname="customerbase.driverbase" name="@AfterSuite tearDown" time="0.0">
    <ignored/>
  </testcase> <!-- @AfterSuite tearDown -->
  <testcase classname="customerbase.driverbase" name="@BeforeSuite setup" time="0.0">
    <ignored/>
  </testcase> <!-- @BeforeSuite setup -->
</testsuite> <!-- Test -->
